<?xml version="1.0" encoding="UTF-8"?>
<coverage generated="1768170594601" clover="3.2.0">
  <project timestamp="1768170594601" name="All files">
    <metrics statements="247" coveredstatements="247" conditionals="12" coveredconditionals="12" methods="37" coveredmethods="37" elements="296" coveredelements="296" complexity="0" loc="247" ncloc="247" packages="3" files="20" classes="20"/>
    <package name="lib">
      <metrics statements="197" coveredstatements="197" conditionals="12" coveredconditionals="12" methods="14" coveredmethods="14"/>
      <file name="compute-stack.ts" path="/Users/mateo/Projects/dedicated-ec2-k8s-autoscaler/lib/compute-stack.ts">
        <metrics statements="55" coveredstatements="55" conditionals="0" coveredconditionals="0" methods="1" coveredmethods="1"/>
        <line num="1" count="30" type="stmt"/>
        <line num="2" count="30" type="stmt"/>
        <line num="3" count="30" type="stmt"/>
        <line num="5" count="30" type="stmt"/>
        <line num="7" count="30" type="stmt"/>
        <line num="8" count="30" type="stmt"/>
        <line num="10" count="30" type="stmt"/>
        <line num="11" count="30" type="stmt"/>
        <line num="12" count="30" type="stmt"/>
        <line num="13" count="30" type="stmt"/>
        <line num="44" count="30" type="stmt"/>
        <line num="54" count="74" type="stmt"/>
        <line num="57" count="74" type="stmt"/>
        <line num="63" count="74" type="stmt"/>
        <line num="65" count="74" type="stmt"/>
        <line num="89" count="74" type="stmt"/>
        <line num="94" count="74" type="stmt"/>
        <line num="95" count="74" type="stmt"/>
        <line num="96" count="74" type="stmt"/>
        <line num="97" count="74" type="stmt"/>
        <line num="100" count="74" type="stmt"/>
        <line num="103" count="74" type="stmt"/>
        <line num="114" count="74" type="stmt"/>
        <line num="122" count="74" type="stmt"/>
        <line num="142" count="74" type="stmt"/>
        <line num="143" count="74" type="stmt"/>
        <line num="145" count="74" type="stmt"/>
        <line num="154" count="74" type="stmt"/>
        <line num="163" count="74" type="stmt"/>
        <line num="174" count="74" type="stmt"/>
        <line num="183" count="74" type="stmt"/>
        <line num="196" count="74" type="stmt"/>
        <line num="204" count="74" type="stmt"/>
        <line num="220" count="74" type="stmt"/>
        <line num="228" count="74" type="stmt"/>
        <line num="236" count="74" type="stmt"/>
        <line num="248" count="74" type="stmt"/>
        <line num="251" count="74" type="stmt"/>
        <line num="254" count="74" type="stmt"/>
        <line num="265" count="74" type="stmt"/>
        <line num="272" count="74" type="stmt"/>
        <line num="280" count="74" type="stmt"/>
        <line num="297" count="74" type="stmt"/>
        <line num="305" count="74" type="stmt"/>
        <line num="315" count="74" type="stmt"/>
        <line num="326" count="74" type="stmt"/>
        <line num="329" count="74" type="stmt"/>
        <line num="332" count="74" type="stmt"/>
        <line num="343" count="74" type="stmt"/>
        <line num="350" count="74" type="stmt"/>
        <line num="352" count="74" type="stmt"/>
        <line num="376" count="74" type="stmt"/>
        <line num="381" count="74" type="stmt"/>
        <line num="393" count="74" type="stmt"/>
        <line num="396" count="74" type="stmt"/>
      </file>
      <file name="database-stack.ts" path="/Users/mateo/Projects/dedicated-ec2-k8s-autoscaler/lib/database-stack.ts">
        <metrics statements="15" coveredstatements="15" conditionals="0" coveredconditionals="0" methods="1" coveredmethods="1"/>
        <line num="1" count="30" type="stmt"/>
        <line num="2" count="30" type="stmt"/>
        <line num="3" count="30" type="stmt"/>
        <line num="5" count="30" type="stmt"/>
        <line num="12" count="30" type="stmt"/>
        <line num="21" count="74" type="stmt"/>
        <line num="24" count="74" type="stmt"/>
        <line num="39" count="74" type="stmt"/>
        <line num="57" count="74" type="stmt"/>
        <line num="66" count="74" type="stmt"/>
        <line num="76" count="74" type="stmt"/>
        <line num="93" count="74" type="stmt"/>
        <line num="111" count="74" type="stmt"/>
        <line num="134" count="74" type="stmt"/>
        <line num="141" count="74" type="stmt"/>
      </file>
      <file name="iam-stack.ts" path="/Users/mateo/Projects/dedicated-ec2-k8s-autoscaler/lib/iam-stack.ts">
        <metrics statements="39" coveredstatements="39" conditionals="8" coveredconditionals="8" methods="5" coveredmethods="5"/>
        <line num="1" count="30" type="stmt"/>
        <line num="2" count="30" type="stmt"/>
        <line num="3" count="30" type="stmt"/>
        <line num="4" count="30" type="stmt"/>
        <line num="11" count="30" type="stmt"/>
        <line num="19" count="76" type="stmt"/>
        <line num="22" count="76" type="cond" truecount="2" falsecount="0"/>
        <line num="30" count="76" type="stmt"/>
        <line num="40" count="76" type="stmt"/>
        <line num="50" count="76" type="stmt"/>
        <line num="51" count="76" type="stmt"/>
        <line num="54" count="76" type="stmt"/>
        <line num="55" count="76" type="stmt"/>
        <line num="57" count="76" type="stmt"/>
        <line num="58" count="76" type="stmt"/>
        <line num="61" count="76" type="stmt"/>
        <line num="62" count="76" type="stmt"/>
        <line num="65" count="76" type="stmt"/>
        <line num="66" count="76" type="stmt"/>
        <line num="69" count="76" type="stmt"/>
        <line num="140" count="76" type="stmt"/>
        <line num="141" count="76" type="stmt"/>
        <line num="143" count="76" type="stmt"/>
        <line num="151" count="76" type="stmt"/>
        <line num="158" count="76" type="stmt"/>
        <line num="159" count="76" type="stmt"/>
        <line num="168" count="76" type="stmt"/>
        <line num="182" count="76" type="stmt"/>
        <line num="196" count="76" type="stmt"/>
        <line num="207" count="76" type="stmt"/>
        <line num="219" count="152" type="cond" truecount="2" falsecount="0"/>
        <line num="232" count="152" type="stmt"/>
        <line num="241" count="152" type="stmt"/>
        <line num="254" count="152" type="stmt"/>
        <line num="270" count="152" type="cond" truecount="2" falsecount="0"/>
        <line num="286" count="152" type="stmt"/>
        <line num="299" count="152" type="cond" truecount="2" falsecount="0"/>
        <line num="312" count="152" type="stmt"/>
        <line num="322" count="152" type="stmt"/>
      </file>
      <file name="k8s-cluster-stack.ts" path="/Users/mateo/Projects/dedicated-ec2-k8s-autoscaler/lib/k8s-cluster-stack.ts">
        <metrics statements="17" coveredstatements="17" conditionals="0" coveredconditionals="0" methods="1" coveredmethods="1"/>
        <line num="1" count="30" type="stmt"/>
        <line num="4" count="30" type="stmt"/>
        <line num="5" count="30" type="stmt"/>
        <line num="6" count="30" type="stmt"/>
        <line num="7" count="30" type="stmt"/>
        <line num="8" count="30" type="stmt"/>
        <line num="9" count="30" type="stmt"/>
        <line num="16" count="30" type="stmt"/>
        <line num="25" count="76" type="stmt"/>
        <line num="28" count="76" type="stmt"/>
        <line num="34" count="76" type="stmt"/>
        <line num="39" count="74" type="stmt"/>
        <line num="44" count="74" type="stmt"/>
        <line num="50" count="74" type="stmt"/>
        <line num="53" count="74" type="stmt"/>
        <line num="56" count="74" type="stmt"/>
        <line num="80" count="74" type="stmt"/>
      </file>
      <file name="monitoring-stack.ts" path="/Users/mateo/Projects/dedicated-ec2-k8s-autoscaler/lib/monitoring-stack.ts">
        <metrics statements="28" coveredstatements="28" conditionals="0" coveredconditionals="0" methods="3" coveredmethods="3"/>
        <line num="1" count="30" type="stmt"/>
        <line num="2" count="30" type="stmt"/>
        <line num="7" count="30" type="stmt"/>
        <line num="22" count="30" type="stmt"/>
        <line num="27" count="74" type="stmt"/>
        <line num="30" count="74" type="stmt"/>
        <line num="33" count="74" type="stmt"/>
        <line num="37" count="74" type="stmt"/>
        <line num="42" count="74" type="stmt"/>
        <line num="61" count="74" type="stmt"/>
        <line num="81" count="74" type="stmt"/>
        <line num="103" count="74" type="stmt"/>
        <line num="124" count="74" type="stmt"/>
        <line num="138" count="74" type="stmt"/>
        <line num="152" count="74" type="stmt"/>
        <line num="166" count="74" type="stmt"/>
        <line num="182" count="74" type="stmt"/>
        <line num="201" count="74" type="stmt"/>
        <line num="219" count="74" type="stmt"/>
        <line num="223" count="74" type="stmt"/>
        <line num="228" count="74" type="stmt"/>
        <line num="238" count="74" type="stmt"/>
        <line num="311" count="74" type="stmt"/>
        <line num="365" count="74" type="stmt"/>
        <line num="399" count="74" type="stmt"/>
        <line num="473" count="74" type="stmt"/>
        <line num="526" count="74" type="stmt"/>
        <line num="585" count="74" type="stmt"/>
      </file>
      <file name="network-stack.ts" path="/Users/mateo/Projects/dedicated-ec2-k8s-autoscaler/lib/network-stack.ts">
        <metrics statements="28" coveredstatements="28" conditionals="0" coveredconditionals="0" methods="2" coveredmethods="2"/>
        <line num="1" count="30" type="stmt"/>
        <line num="2" count="30" type="stmt"/>
        <line num="3" count="30" type="stmt"/>
        <line num="4" count="30" type="stmt"/>
        <line num="10" count="30" type="stmt"/>
        <line num="20" count="74" type="stmt"/>
        <line num="23" count="74" type="stmt"/>
        <line num="47" count="74" type="stmt"/>
        <line num="53" count="74" type="stmt"/>
        <line num="60" count="74" type="stmt"/>
        <line num="65" count="74" type="stmt"/>
        <line num="70" count="74" type="stmt"/>
        <line num="75" count="74" type="stmt"/>
        <line num="81" count="74" type="stmt"/>
        <line num="87" count="74" type="stmt"/>
        <line num="88" count="74" type="stmt"/>
        <line num="89" count="222" type="stmt"/>
        <line num="98" count="74" type="stmt"/>
        <line num="104" count="74" type="stmt"/>
        <line num="112" count="74" type="stmt"/>
        <line num="120" count="74" type="stmt"/>
        <line num="131" count="74" type="stmt"/>
        <line num="142" count="74" type="stmt"/>
        <line num="150" count="74" type="stmt"/>
        <line num="158" count="74" type="stmt"/>
        <line num="167" count="74" type="stmt"/>
        <line num="172" count="74" type="stmt"/>
        <line num="186" count="74" type="stmt"/>
      </file>
      <file name="services-stack.ts" path="/Users/mateo/Projects/dedicated-ec2-k8s-autoscaler/lib/services-stack.ts">
        <metrics statements="15" coveredstatements="15" conditionals="4" coveredconditionals="4" methods="1" coveredmethods="1"/>
        <line num="2" count="30" type="stmt"/>
        <line num="3" count="30" type="stmt"/>
        <line num="10" count="30" type="stmt"/>
        <line num="20" count="76" type="stmt"/>
        <line num="23" count="76" type="cond" truecount="3" falsecount="0"/>
        <line num="24" count="1" type="stmt"/>
        <line num="27" count="75" type="cond" truecount="1" falsecount="0"/>
        <line num="28" count="1" type="stmt"/>
        <line num="34" count="74" type="stmt"/>
        <line num="35" count="74" type="stmt"/>
        <line num="38" count="74" type="stmt"/>
        <line num="47" count="74" type="stmt"/>
        <line num="53" count="74" type="stmt"/>
        <line num="59" count="74" type="stmt"/>
        <line num="65" count="74" type="stmt"/>
      </file>
    </package>
    <package name="lib.scripts">
      <metrics statements="43" coveredstatements="43" conditionals="0" coveredconditionals="0" methods="22" coveredmethods="22"/>
      <file name="bash-logging.ts" path="/Users/mateo/Projects/dedicated-ec2-k8s-autoscaler/lib/scripts/bash-logging.ts">
        <metrics statements="2" coveredstatements="2" conditionals="0" coveredconditionals="0" methods="1" coveredmethods="1"/>
        <line num="33" count="40" type="stmt"/>
        <line num="34" count="153" type="stmt"/>
      </file>
      <file name="bash-metrics.ts" path="/Users/mateo/Projects/dedicated-ec2-k8s-autoscaler/lib/scripts/bash-metrics.ts">
        <metrics statements="2" coveredstatements="2" conditionals="0" coveredconditionals="0" methods="1" coveredmethods="1"/>
        <line num="31" count="40" type="stmt"/>
        <line num="32" count="154" type="stmt"/>
      </file>
      <file name="bash-retry.ts" path="/Users/mateo/Projects/dedicated-ec2-k8s-autoscaler/lib/scripts/bash-retry.ts">
        <metrics statements="2" coveredstatements="2" conditionals="0" coveredconditionals="0" methods="1" coveredmethods="1"/>
        <line num="36" count="40" type="stmt"/>
        <line num="37" count="154" type="stmt"/>
      </file>
      <file name="cluster-health-lambda.ts" path="/Users/mateo/Projects/dedicated-ec2-k8s-autoscaler/lib/scripts/cluster-health-lambda.ts">
        <metrics statements="2" coveredstatements="2" conditionals="0" coveredconditionals="0" methods="1" coveredmethods="1"/>
        <line num="9" count="40" type="stmt"/>
        <line num="10" count="75" type="stmt"/>
      </file>
      <file name="control-plane-bootstrap.ts" path="/Users/mateo/Projects/dedicated-ec2-k8s-autoscaler/lib/scripts/control-plane-bootstrap.ts">
        <metrics statements="6" coveredstatements="6" conditionals="0" coveredconditionals="0" methods="1" coveredmethods="1"/>
        <line num="2" count="40" type="stmt"/>
        <line num="3" count="40" type="stmt"/>
        <line num="4" count="40" type="stmt"/>
        <line num="25" count="40" type="stmt"/>
        <line num="32" count="76" type="stmt"/>
        <line num="33" count="76" type="stmt"/>
      </file>
      <file name="etcd-backup-lambda.ts" path="/Users/mateo/Projects/dedicated-ec2-k8s-autoscaler/lib/scripts/etcd-backup-lambda.ts">
        <metrics statements="3" coveredstatements="3" conditionals="0" coveredconditionals="0" methods="1" coveredmethods="1"/>
        <line num="6" count="40" type="stmt"/>
        <line num="10" count="40" type="stmt"/>
        <line num="11" count="75" type="stmt"/>
      </file>
      <file name="etcd-lifecycle-lambda.ts" path="/Users/mateo/Projects/dedicated-ec2-k8s-autoscaler/lib/scripts/etcd-lifecycle-lambda.ts">
        <metrics statements="3" coveredstatements="3" conditionals="0" coveredconditionals="0" methods="1" coveredmethods="1"/>
        <line num="6" count="40" type="stmt"/>
        <line num="10" count="40" type="stmt"/>
        <line num="11" count="75" type="stmt"/>
      </file>
      <file name="index.ts" path="/Users/mateo/Projects/dedicated-ec2-k8s-autoscaler/lib/scripts/index.ts">
        <metrics statements="11" coveredstatements="11" conditionals="0" coveredconditionals="0" methods="11" coveredmethods="11"/>
        <line num="7" count="115" type="stmt"/>
        <line num="8" count="115" type="stmt"/>
        <line num="9" count="115" type="stmt"/>
        <line num="12" count="116" type="stmt"/>
        <line num="13" count="116" type="stmt"/>
        <line num="16" count="42" type="stmt"/>
        <line num="17" count="41" type="stmt"/>
        <line num="18" count="44" type="stmt"/>
        <line num="21" count="41" type="stmt"/>
        <line num="22" count="41" type="stmt"/>
        <line num="23" count="42" type="stmt"/>
      </file>
      <file name="python-logging.ts" path="/Users/mateo/Projects/dedicated-ec2-k8s-autoscaler/lib/scripts/python-logging.ts">
        <metrics statements="2" coveredstatements="2" conditionals="0" coveredconditionals="0" methods="1" coveredmethods="1"/>
        <line num="34" count="40" type="stmt"/>
        <line num="35" count="1" type="stmt"/>
      </file>
      <file name="python-metrics.ts" path="/Users/mateo/Projects/dedicated-ec2-k8s-autoscaler/lib/scripts/python-metrics.ts">
        <metrics statements="2" coveredstatements="2" conditionals="0" coveredconditionals="0" methods="1" coveredmethods="1"/>
        <line num="41" count="40" type="stmt"/>
        <line num="42" count="2" type="stmt"/>
      </file>
      <file name="python-retry.ts" path="/Users/mateo/Projects/dedicated-ec2-k8s-autoscaler/lib/scripts/python-retry.ts">
        <metrics statements="2" coveredstatements="2" conditionals="0" coveredconditionals="0" methods="1" coveredmethods="1"/>
        <line num="36" count="40" type="stmt"/>
        <line num="37" count="151" type="stmt"/>
      </file>
      <file name="worker-bootstrap.ts" path="/Users/mateo/Projects/dedicated-ec2-k8s-autoscaler/lib/scripts/worker-bootstrap.ts">
        <metrics statements="6" coveredstatements="6" conditionals="0" coveredconditionals="0" methods="1" coveredmethods="1"/>
        <line num="2" count="40" type="stmt"/>
        <line num="3" count="40" type="stmt"/>
        <line num="4" count="40" type="stmt"/>
        <line num="20" count="40" type="stmt"/>
        <line num="21" count="76" type="stmt"/>
        <line num="22" count="76" type="stmt"/>
      </file>
    </package>
    <package name="test">
      <metrics statements="7" coveredstatements="7" conditionals="0" coveredconditionals="0" methods="1" coveredmethods="1"/>
      <file name="test-helper.ts" path="/Users/mateo/Projects/dedicated-ec2-k8s-autoscaler/test/test-helper.ts">
        <metrics statements="7" coveredstatements="7" conditionals="0" coveredconditionals="0" methods="1" coveredmethods="1"/>
        <line num="1" count="10" type="stmt"/>
        <line num="2" count="10" type="stmt"/>
        <line num="3" count="10" type="stmt"/>
        <line num="5" count="10" type="stmt"/>
        <line num="6" count="38" type="stmt"/>
        <line num="7" count="38" type="stmt"/>
        <line num="11" count="38" type="stmt"/>
      </file>
    </package>
  </project>
</coverage>
