{"/Users/mateo/Projects/dedicated-ec2-k8s-autoscaler/lib/compute-stack.ts": {"path":"/Users/mateo/Projects/dedicated-ec2-k8s-autoscaler/lib/compute-stack.ts","statementMap":{"0":{"start":{"line":1,"column":0},"end":{"line":1,"column":35}},"1":{"start":{"line":2,"column":0},"end":{"line":2,"column":43}},"2":{"start":{"line":3,"column":0},"end":{"line":3,"column":43}},"3":{"start":{"line":5,"column":0},"end":{"line":5,"column":43}},"4":{"start":{"line":7,"column":0},"end":{"line":7,"column":59}},"5":{"start":{"line":8,"column":0},"end":{"line":8,"column":49}},"6":{"start":{"line":10,"column":0},"end":{"line":10,"column":49}},"7":{"start":{"line":11,"column":0},"end":{"line":11,"column":58}},"8":{"start":{"line":12,"column":0},"end":{"line":12,"column":39}},"9":{"start":{"line":13,"column":0},"end":{"line":13,"column":null}},"10":{"start":{"line":54,"column":4},"end":{"line":54,"column":21}},"11":{"start":{"line":57,"column":40},"end":{"line":60,"column":6}},"12":{"start":{"line":63,"column":30},"end":{"line":63,"column":108}},"13":{"start":{"line":65,"column":4},"end":{"line":86,"column":7}},"14":{"start":{"line":89,"column":4},"end":{"line":91,"column":6}},"15":{"start":{"line":94,"column":30},"end":{"line":94,"column":104}},"16":{"start":{"line":95,"column":4},"end":{"line":95,"column":95}},"17":{"start":{"line":96,"column":4},"end":{"line":96,"column":137}},"18":{"start":{"line":97,"column":4},"end":{"line":97,"column":107}},"19":{"start":{"line":100,"column":16},"end":{"line":100,"column":25}},"20":{"start":{"line":103,"column":4},"end":{"line":111,"column":7}},"21":{"start":{"line":114,"column":30},"end":{"line":120,"column":6}},"22":{"start":{"line":122,"column":4},"end":{"line":139,"column":7}},"23":{"start":{"line":142,"column":4},"end":{"line":142,"column":64}},"24":{"start":{"line":143,"column":4},"end":{"line":143,"column":49}},"25":{"start":{"line":145,"column":4},"end":{"line":151,"column":8}},"26":{"start":{"line":154,"column":4},"end":{"line":160,"column":8}},"27":{"start":{"line":163,"column":4},"end":{"line":171,"column":8}},"28":{"start":{"line":174,"column":4},"end":{"line":180,"column":7}},"29":{"start":{"line":183,"column":4},"end":{"line":193,"column":7}},"30":{"start":{"line":196,"column":27},"end":{"line":202,"column":6}},"31":{"start":{"line":204,"column":4},"end":{"line":217,"column":7}},"32":{"start":{"line":220,"column":4},"end":{"line":226,"column":8}},"33":{"start":{"line":228,"column":4},"end":{"line":234,"column":8}},"34":{"start":{"line":236,"column":4},"end":{"line":246,"column":8}},"35":{"start":{"line":248,"column":4},"end":{"line":248,"column":53}},"36":{"start":{"line":251,"column":4},"end":{"line":251,"column":56}},"37":{"start":{"line":254,"column":4},"end":{"line":262,"column":8}},"38":{"start":{"line":265,"column":4},"end":{"line":269,"column":7}},"39":{"start":{"line":272,"column":30},"end":{"line":278,"column":6}},"40":{"start":{"line":280,"column":4},"end":{"line":294,"column":7}},"41":{"start":{"line":297,"column":4},"end":{"line":303,"column":8}},"42":{"start":{"line":305,"column":4},"end":{"line":313,"column":8}},"43":{"start":{"line":315,"column":4},"end":{"line":324,"column":8}},"44":{"start":{"line":326,"column":4},"end":{"line":326,"column":49}},"45":{"start":{"line":329,"column":4},"end":{"line":329,"column":59}},"46":{"start":{"line":332,"column":4},"end":{"line":340,"column":8}},"47":{"start":{"line":343,"column":4},"end":{"line":347,"column":7}},"48":{"start":{"line":350,"column":24},"end":{"line":350,"column":95}},"49":{"start":{"line":352,"column":4},"end":{"line":373,"column":7}},"50":{"start":{"line":376,"column":4},"end":{"line":378,"column":6}},"51":{"start":{"line":381,"column":4},"end":{"line":390,"column":7}},"52":{"start":{"line":393,"column":4},"end":{"line":395,"column":7}},"53":{"start":{"line":396,"column":4},"end":{"line":398,"column":7}},"54":{"start":{"line":44,"column":0},"end":{"line":44,"column":13}}},"fnMap":{"0":{"name":"(anonymous_0)","decl":{"start":{"line":53,"column":2},"end":{"line":53,"column":14}},"loc":{"start":{"line":53,"column":68},"end":{"line":399,"column":3}}}},"branchMap":{},"s":{"0":30,"1":30,"2":30,"3":30,"4":30,"5":30,"6":30,"7":30,"8":30,"9":30,"10":74,"11":74,"12":74,"13":74,"14":74,"15":74,"16":74,"17":74,"18":74,"19":74,"20":74,"21":74,"22":74,"23":74,"24":74,"25":74,"26":74,"27":74,"28":74,"29":74,"30":74,"31":74,"32":74,"33":74,"34":74,"35":74,"36":74,"37":74,"38":74,"39":74,"40":74,"41":74,"42":74,"43":74,"44":74,"45":74,"46":74,"47":74,"48":74,"49":74,"50":74,"51":74,"52":74,"53":74,"54":30},"f":{"0":74},"b":{}}
,"/Users/mateo/Projects/dedicated-ec2-k8s-autoscaler/lib/database-stack.ts": {"path":"/Users/mateo/Projects/dedicated-ec2-k8s-autoscaler/lib/database-stack.ts","statementMap":{"0":{"start":{"line":1,"column":0},"end":{"line":1,"column":35}},"1":{"start":{"line":2,"column":0},"end":{"line":2,"column":53}},"2":{"start":{"line":3,"column":0},"end":{"line":3,"column":41}},"3":{"start":{"line":5,"column":0},"end":{"line":5,"column":39}},"4":{"start":{"line":21,"column":4},"end":{"line":21,"column":21}},"5":{"start":{"line":24,"column":4},"end":{"line":36,"column":7}},"6":{"start":{"line":39,"column":4},"end":{"line":54,"column":7}},"7":{"start":{"line":57,"column":4},"end":{"line":64,"column":7}},"8":{"start":{"line":66,"column":4},"end":{"line":73,"column":7}},"9":{"start":{"line":76,"column":4},"end":{"line":89,"column":7}},"10":{"start":{"line":93,"column":4},"end":{"line":106,"column":7}},"11":{"start":{"line":111,"column":4},"end":{"line":131,"column":7}},"12":{"start":{"line":134,"column":4},"end":{"line":138,"column":8}},"13":{"start":{"line":141,"column":4},"end":{"line":167,"column":7}},"14":{"start":{"line":12,"column":0},"end":{"line":12,"column":13}}},"fnMap":{"0":{"name":"(anonymous_0)","decl":{"start":{"line":20,"column":2},"end":{"line":20,"column":14}},"loc":{"start":{"line":20,"column":69},"end":{"line":170,"column":3}}}},"branchMap":{},"s":{"0":30,"1":30,"2":30,"3":30,"4":74,"5":74,"6":74,"7":74,"8":74,"9":74,"10":74,"11":74,"12":74,"13":74,"14":30},"f":{"0":74},"b":{}}
,"/Users/mateo/Projects/dedicated-ec2-k8s-autoscaler/lib/iam-stack.ts": {"path":"/Users/mateo/Projects/dedicated-ec2-k8s-autoscaler/lib/iam-stack.ts","statementMap":{"0":{"start":{"line":1,"column":0},"end":{"line":1,"column":35}},"1":{"start":{"line":2,"column":0},"end":{"line":2,"column":43}},"2":{"start":{"line":3,"column":0},"end":{"line":3,"column":43}},"3":{"start":{"line":4,"column":0},"end":{"line":4,"column":39}},"4":{"start":{"line":19,"column":4},"end":{"line":19,"column":21}},"5":{"start":{"line":22,"column":4},"end":{"line":27,"column":7}},"6":{"start":{"line":30,"column":4},"end":{"line":37,"column":7}},"7":{"start":{"line":40,"column":4},"end":{"line":47,"column":7}},"8":{"start":{"line":50,"column":4},"end":{"line":50,"column":59}},"9":{"start":{"line":51,"column":4},"end":{"line":51,"column":57}},"10":{"start":{"line":54,"column":4},"end":{"line":54,"column":75}},"11":{"start":{"line":55,"column":4},"end":{"line":55,"column":74}},"12":{"start":{"line":57,"column":4},"end":{"line":57,"column":76}},"13":{"start":{"line":58,"column":4},"end":{"line":58,"column":74}},"14":{"start":{"line":61,"column":4},"end":{"line":61,"column":80}},"15":{"start":{"line":62,"column":4},"end":{"line":62,"column":79}},"16":{"start":{"line":65,"column":4},"end":{"line":65,"column":74}},"17":{"start":{"line":66,"column":4},"end":{"line":66,"column":73}},"18":{"start":{"line":69,"column":4},"end":{"line":135,"column":8}},"19":{"start":{"line":140,"column":27},"end":{"line":140,"column":84}},"20":{"start":{"line":141,"column":20},"end":{"line":141,"column":93}},"21":{"start":{"line":143,"column":4},"end":{"line":148,"column":7}},"22":{"start":{"line":151,"column":4},"end":{"line":155,"column":7}},"23":{"start":{"line":158,"column":20},"end":{"line":158,"column":83}},"24":{"start":{"line":159,"column":26},"end":{"line":166,"column":6}},"25":{"start":{"line":168,"column":4},"end":{"line":178,"column":6}},"26":{"start":{"line":182,"column":4},"end":{"line":192,"column":8}},"27":{"start":{"line":196,"column":4},"end":{"line":204,"column":8}},"28":{"start":{"line":207,"column":4},"end":{"line":214,"column":8}},"29":{"start":{"line":219,"column":20},"end":{"line":230,"column":10}},"30":{"start":{"line":232,"column":4},"end":{"line":237,"column":8}},"31":{"start":{"line":241,"column":4},"end":{"line":251,"column":8}},"32":{"start":{"line":254,"column":4},"end":{"line":264,"column":8}},"33":{"start":{"line":270,"column":20},"end":{"line":284,"column":10}},"34":{"start":{"line":286,"column":4},"end":{"line":293,"column":8}},"35":{"start":{"line":299,"column":20},"end":{"line":309,"column":10}},"36":{"start":{"line":312,"column":4},"end":{"line":318,"column":8}},"37":{"start":{"line":322,"column":4},"end":{"line":331,"column":8}},"38":{"start":{"line":11,"column":0},"end":{"line":11,"column":13}}},"fnMap":{"0":{"name":"(anonymous_0)","decl":{"start":{"line":18,"column":2},"end":{"line":18,"column":14}},"loc":{"start":{"line":18,"column":64},"end":{"line":215,"column":3}}},"1":{"name":"(anonymous_1)","decl":{"start":{"line":217,"column":10},"end":{"line":217,"column":27}},"loc":{"start":{"line":217,"column":88},"end":{"line":238,"column":3}}},"2":{"name":"(anonymous_2)","decl":{"start":{"line":240,"column":10},"end":{"line":240,"column":34}},"loc":{"start":{"line":240,"column":70},"end":{"line":265,"column":3}}},"3":{"name":"(anonymous_3)","decl":{"start":{"line":267,"column":10},"end":{"line":267,"column":32}},"loc":{"start":{"line":267,"column":93},"end":{"line":294,"column":3}}},"4":{"name":"(anonymous_4)","decl":{"start":{"line":296,"column":10},"end":{"line":296,"column":26}},"loc":{"start":{"line":296,"column":87},"end":{"line":332,"column":3}}}},"branchMap":{"0":{"loc":{"start":{"line":22,"column":18},"end":{"line":27,"column":6}},"type":"binary-expr","locations":[{"start":{"line":22,"column":18},"end":{"line":22,"column":30}},{"start":{"line":22,"column":34},"end":{"line":27,"column":6}}]},"1":{"loc":{"start":{"line":219,"column":20},"end":{"line":230,"column":10}},"type":"cond-expr","locations":[{"start":{"line":220,"column":8},"end":{"line":226,"column":null}},{"start":{"line":227,"column":8},"end":{"line":230,"column":10}}]},"2":{"loc":{"start":{"line":270,"column":20},"end":{"line":284,"column":10}},"type":"cond-expr","locations":[{"start":{"line":271,"column":8},"end":{"line":278,"column":null}},{"start":{"line":279,"column":8},"end":{"line":284,"column":10}}]},"3":{"loc":{"start":{"line":299,"column":20},"end":{"line":309,"column":10}},"type":"cond-expr","locations":[{"start":{"line":300,"column":8},"end":{"line":305,"column":null}},{"start":{"line":306,"column":8},"end":{"line":309,"column":10}}]}},"s":{"0":30,"1":30,"2":30,"3":30,"4":76,"5":76,"6":76,"7":76,"8":76,"9":76,"10":76,"11":76,"12":76,"13":76,"14":76,"15":76,"16":76,"17":76,"18":76,"19":76,"20":76,"21":76,"22":76,"23":76,"24":76,"25":76,"26":76,"27":76,"28":76,"29":152,"30":152,"31":152,"32":152,"33":152,"34":152,"35":152,"36":152,"37":152,"38":30},"f":{"0":76,"1":152,"2":152,"3":152,"4":152},"b":{"0":[76,76],"1":[76,76],"2":[76,76],"3":[76,76]}}
,"/Users/mateo/Projects/dedicated-ec2-k8s-autoscaler/lib/k8s-cluster-stack.ts": {"path":"/Users/mateo/Projects/dedicated-ec2-k8s-autoscaler/lib/k8s-cluster-stack.ts","statementMap":{"0":{"start":{"line":1,"column":0},"end":{"line":1,"column":35}},"1":{"start":{"line":4,"column":0},"end":{"line":4,"column":49}},"2":{"start":{"line":5,"column":0},"end":{"line":5,"column":47}},"3":{"start":{"line":6,"column":0},"end":{"line":6,"column":39}},"4":{"start":{"line":7,"column":0},"end":{"line":7,"column":49}},"5":{"start":{"line":8,"column":0},"end":{"line":8,"column":47}},"6":{"start":{"line":9,"column":0},"end":{"line":9,"column":53}},"7":{"start":{"line":25,"column":4},"end":{"line":25,"column":28}},"8":{"start":{"line":28,"column":4},"end":{"line":31,"column":7}},"9":{"start":{"line":34,"column":4},"end":{"line":36,"column":7}},"10":{"start":{"line":39,"column":4},"end":{"line":41,"column":7}},"11":{"start":{"line":44,"column":4},"end":{"line":47,"column":7}},"12":{"start":{"line":50,"column":4},"end":{"line":50,"column":81}},"13":{"start":{"line":53,"column":4},"end":{"line":53,"column":87}},"14":{"start":{"line":56,"column":4},"end":{"line":77,"column":7}},"15":{"start":{"line":80,"column":4},"end":{"line":91,"column":7}},"16":{"start":{"line":16,"column":0},"end":{"line":16,"column":13}}},"fnMap":{"0":{"name":"(anonymous_0)","decl":{"start":{"line":24,"column":2},"end":{"line":24,"column":14}},"loc":{"start":{"line":24,"column":71},"end":{"line":92,"column":3}}}},"branchMap":{},"s":{"0":30,"1":30,"2":30,"3":30,"4":30,"5":30,"6":30,"7":76,"8":76,"9":76,"10":74,"11":74,"12":74,"13":74,"14":74,"15":74,"16":30},"f":{"0":76},"b":{}}
,"/Users/mateo/Projects/dedicated-ec2-k8s-autoscaler/lib/monitoring-stack.ts": {"path":"/Users/mateo/Projects/dedicated-ec2-k8s-autoscaler/lib/monitoring-stack.ts","statementMap":{"0":{"start":{"line":1,"column":0},"end":{"line":1,"column":35}},"1":{"start":{"line":2,"column":0},"end":{"line":2,"column":57}},"2":{"start":{"line":7,"column":0},"end":{"line":7,"column":39}},"3":{"start":{"line":27,"column":4},"end":{"line":27,"column":21}},"4":{"start":{"line":30,"column":4},"end":{"line":30,"column":43}},"5":{"start":{"line":33,"column":4},"end":{"line":33,"column":62}},"6":{"start":{"line":37,"column":39},"end":{"line":37,"column":41}},"7":{"start":{"line":42,"column":4},"end":{"line":58,"column":8}},"8":{"start":{"line":61,"column":4},"end":{"line":78,"column":8}},"9":{"start":{"line":81,"column":4},"end":{"line":98,"column":8}},"10":{"start":{"line":103,"column":4},"end":{"line":119,"column":8}},"11":{"start":{"line":124,"column":4},"end":{"line":135,"column":8}},"12":{"start":{"line":138,"column":4},"end":{"line":149,"column":8}},"13":{"start":{"line":152,"column":4},"end":{"line":163,"column":8}},"14":{"start":{"line":166,"column":4},"end":{"line":177,"column":8}},"15":{"start":{"line":182,"column":4},"end":{"line":198,"column":8}},"16":{"start":{"line":201,"column":4},"end":{"line":217,"column":8}},"17":{"start":{"line":219,"column":4},"end":{"line":219,"column":18}},"18":{"start":{"line":223,"column":22},"end":{"line":225,"column":6}},"19":{"start":{"line":228,"column":4},"end":{"line":235,"column":6}},"20":{"start":{"line":238,"column":4},"end":{"line":308,"column":6}},"21":{"start":{"line":311,"column":4},"end":{"line":362,"column":6}},"22":{"start":{"line":365,"column":4},"end":{"line":396,"column":6}},"23":{"start":{"line":399,"column":4},"end":{"line":470,"column":6}},"24":{"start":{"line":473,"column":4},"end":{"line":523,"column":6}},"25":{"start":{"line":526,"column":4},"end":{"line":583,"column":6}},"26":{"start":{"line":585,"column":4},"end":{"line":585,"column":21}},"27":{"start":{"line":22,"column":0},"end":{"line":22,"column":13}}},"fnMap":{"0":{"name":"(anonymous_0)","decl":{"start":{"line":26,"column":2},"end":{"line":26,"column":14}},"loc":{"start":{"line":26,"column":71},"end":{"line":34,"column":3}}},"1":{"name":"(anonymous_1)","decl":{"start":{"line":36,"column":10},"end":{"line":36,"column":22}},"loc":{"start":{"line":36,"column":50},"end":{"line":220,"column":3}}},"2":{"name":"(anonymous_2)","decl":{"start":{"line":222,"column":10},"end":{"line":222,"column":25}},"loc":{"start":{"line":222,"column":81},"end":{"line":586,"column":3}}}},"branchMap":{},"s":{"0":30,"1":30,"2":30,"3":74,"4":74,"5":74,"6":74,"7":74,"8":74,"9":74,"10":74,"11":74,"12":74,"13":74,"14":74,"15":74,"16":74,"17":74,"18":74,"19":74,"20":74,"21":74,"22":74,"23":74,"24":74,"25":74,"26":74,"27":30},"f":{"0":74,"1":74,"2":74},"b":{}}
,"/Users/mateo/Projects/dedicated-ec2-k8s-autoscaler/lib/network-stack.ts": {"path":"/Users/mateo/Projects/dedicated-ec2-k8s-autoscaler/lib/network-stack.ts","statementMap":{"0":{"start":{"line":1,"column":0},"end":{"line":1,"column":35}},"1":{"start":{"line":2,"column":0},"end":{"line":2,"column":43}},"2":{"start":{"line":3,"column":0},"end":{"line":3,"column":64}},"3":{"start":{"line":4,"column":0},"end":{"line":4,"column":39}},"4":{"start":{"line":20,"column":4},"end":{"line":20,"column":21}},"5":{"start":{"line":23,"column":4},"end":{"line":44,"column":7}},"6":{"start":{"line":47,"column":4},"end":{"line":51,"column":7}},"7":{"start":{"line":53,"column":4},"end":{"line":57,"column":6}},"8":{"start":{"line":60,"column":4},"end":{"line":63,"column":7}},"9":{"start":{"line":65,"column":4},"end":{"line":68,"column":7}},"10":{"start":{"line":70,"column":4},"end":{"line":73,"column":7}},"11":{"start":{"line":75,"column":4},"end":{"line":78,"column":7}},"12":{"start":{"line":81,"column":26},"end":{"line":84,"column":6}},"13":{"start":{"line":87,"column":16},"end":{"line":87,"column":64}},"14":{"start":{"line":88,"column":4},"end":{"line":95,"column":7}},"15":{"start":{"line":89,"column":6},"end":{"line":94,"column":38}},"16":{"start":{"line":98,"column":4},"end":{"line":102,"column":7}},"17":{"start":{"line":104,"column":4},"end":{"line":108,"column":7}},"18":{"start":{"line":112,"column":4},"end":{"line":117,"column":7}},"19":{"start":{"line":120,"column":4},"end":{"line":127,"column":7}},"20":{"start":{"line":131,"column":4},"end":{"line":138,"column":7}},"21":{"start":{"line":142,"column":4},"end":{"line":147,"column":7}},"22":{"start":{"line":150,"column":4},"end":{"line":155,"column":7}},"23":{"start":{"line":158,"column":4},"end":{"line":164,"column":7}},"24":{"start":{"line":167,"column":4},"end":{"line":169,"column":15}},"25":{"start":{"line":172,"column":4},"end":{"line":183,"column":7}},"26":{"start":{"line":186,"column":4},"end":{"line":190,"column":7}},"27":{"start":{"line":10,"column":0},"end":{"line":10,"column":13}}},"fnMap":{"0":{"name":"(anonymous_0)","decl":{"start":{"line":19,"column":2},"end":{"line":19,"column":14}},"loc":{"start":{"line":19,"column":68},"end":{"line":191,"column":3}}},"1":{"name":"(anonymous_1)","decl":{"start":{"line":88,"column":16},"end":{"line":88,"column":17}},"loc":{"start":{"line":88,"column":30},"end":{"line":95,"column":5}}}},"branchMap":{},"s":{"0":30,"1":30,"2":30,"3":30,"4":74,"5":74,"6":74,"7":74,"8":74,"9":74,"10":74,"11":74,"12":74,"13":74,"14":74,"15":222,"16":74,"17":74,"18":74,"19":74,"20":74,"21":74,"22":74,"23":74,"24":74,"25":74,"26":74,"27":30},"f":{"0":74,"1":222},"b":{}}
,"/Users/mateo/Projects/dedicated-ec2-k8s-autoscaler/lib/services-stack.ts": {"path":"/Users/mateo/Projects/dedicated-ec2-k8s-autoscaler/lib/services-stack.ts","statementMap":{"0":{"start":{"line":2,"column":0},"end":{"line":2,"column":43}},"1":{"start":{"line":3,"column":0},"end":{"line":3,"column":39}},"2":{"start":{"line":20,"column":4},"end":{"line":20,"column":21}},"3":{"start":{"line":23,"column":4},"end":{"line":25,"column":null}},"4":{"start":{"line":24,"column":6},"end":{"line":24,"column":67}},"5":{"start":{"line":27,"column":4},"end":{"line":31,"column":null}},"6":{"start":{"line":28,"column":6},"end":{"line":30,"column":8}},"7":{"start":{"line":34,"column":4},"end":{"line":34,"column":79}},"8":{"start":{"line":35,"column":4},"end":{"line":35,"column":88}},"9":{"start":{"line":38,"column":4},"end":{"line":42,"column":7}},"10":{"start":{"line":47,"column":4},"end":{"line":51,"column":7}},"11":{"start":{"line":53,"column":4},"end":{"line":57,"column":7}},"12":{"start":{"line":59,"column":4},"end":{"line":63,"column":7}},"13":{"start":{"line":65,"column":4},"end":{"line":69,"column":7}},"14":{"start":{"line":10,"column":0},"end":{"line":10,"column":13}}},"fnMap":{"0":{"name":"(anonymous_0)","decl":{"start":{"line":19,"column":2},"end":{"line":19,"column":14}},"loc":{"start":{"line":19,"column":69},"end":{"line":70,"column":3}}}},"branchMap":{"0":{"loc":{"start":{"line":23,"column":4},"end":{"line":25,"column":null}},"type":"if","locations":[{"start":{"line":23,"column":4},"end":{"line":25,"column":null}}]},"1":{"loc":{"start":{"line":23,"column":8},"end":{"line":23,"column":58}},"type":"binary-expr","locations":[{"start":{"line":23,"column":8},"end":{"line":23,"column":26}},{"start":{"line":23,"column":30},"end":{"line":23,"column":58}}]},"2":{"loc":{"start":{"line":27,"column":4},"end":{"line":31,"column":null}},"type":"if","locations":[{"start":{"line":27,"column":4},"end":{"line":31,"column":null}}]}},"s":{"0":30,"1":30,"2":76,"3":76,"4":1,"5":75,"6":1,"7":74,"8":74,"9":74,"10":74,"11":74,"12":74,"13":74,"14":30},"f":{"0":76},"b":{"0":[1],"1":[76,76],"2":[1]}}
,"/Users/mateo/Projects/dedicated-ec2-k8s-autoscaler/lib/scripts/bash-logging.ts": {"path":"/Users/mateo/Projects/dedicated-ec2-k8s-autoscaler/lib/scripts/bash-logging.ts","statementMap":{"0":{"start":{"line":34,"column":2},"end":{"line":147,"column":2}},"1":{"start":{"line":33,"column":0},"end":{"line":33,"column":16}}},"fnMap":{"0":{"name":"getBashLoggingFunctions","decl":{"start":{"line":33,"column":16},"end":{"line":33,"column":39}},"loc":{"start":{"line":33,"column":39},"end":{"line":148,"column":1}}}},"branchMap":{},"s":{"0":153,"1":40},"f":{"0":153},"b":{}}
,"/Users/mateo/Projects/dedicated-ec2-k8s-autoscaler/lib/scripts/bash-metrics.ts": {"path":"/Users/mateo/Projects/dedicated-ec2-k8s-autoscaler/lib/scripts/bash-metrics.ts","statementMap":{"0":{"start":{"line":32,"column":2},"end":{"line":129,"column":2}},"1":{"start":{"line":31,"column":0},"end":{"line":31,"column":16}}},"fnMap":{"0":{"name":"getBashMetricsFunctions","decl":{"start":{"line":31,"column":16},"end":{"line":31,"column":39}},"loc":{"start":{"line":31,"column":39},"end":{"line":130,"column":1}}}},"branchMap":{},"s":{"0":154,"1":40},"f":{"0":154},"b":{}}
,"/Users/mateo/Projects/dedicated-ec2-k8s-autoscaler/lib/scripts/bash-retry.ts": {"path":"/Users/mateo/Projects/dedicated-ec2-k8s-autoscaler/lib/scripts/bash-retry.ts","statementMap":{"0":{"start":{"line":37,"column":2},"end":{"line":243,"column":2}},"1":{"start":{"line":36,"column":0},"end":{"line":36,"column":16}}},"fnMap":{"0":{"name":"getBashRetryFunctions","decl":{"start":{"line":36,"column":16},"end":{"line":36,"column":37}},"loc":{"start":{"line":36,"column":37},"end":{"line":244,"column":1}}}},"branchMap":{},"s":{"0":154,"1":40},"f":{"0":154},"b":{}}
,"/Users/mateo/Projects/dedicated-ec2-k8s-autoscaler/lib/scripts/cluster-health-lambda.ts": {"path":"/Users/mateo/Projects/dedicated-ec2-k8s-autoscaler/lib/scripts/cluster-health-lambda.ts","statementMap":{"0":{"start":{"line":10,"column":2},"end":{"line":351,"column":2}},"1":{"start":{"line":9,"column":0},"end":{"line":9,"column":16}}},"fnMap":{"0":{"name":"createClusterHealthLambdaCode","decl":{"start":{"line":9,"column":16},"end":{"line":9,"column":45}},"loc":{"start":{"line":9,"column":87},"end":{"line":352,"column":1}}}},"branchMap":{},"s":{"0":75,"1":40},"f":{"0":75},"b":{}}
,"/Users/mateo/Projects/dedicated-ec2-k8s-autoscaler/lib/scripts/control-plane-bootstrap.ts": {"path":"/Users/mateo/Projects/dedicated-ec2-k8s-autoscaler/lib/scripts/control-plane-bootstrap.ts","statementMap":{"0":{"start":{"line":2,"column":0},"end":{"line":2,"column":53}},"1":{"start":{"line":3,"column":0},"end":{"line":3,"column":57}},"2":{"start":{"line":4,"column":0},"end":{"line":4,"column":57}},"3":{"start":{"line":32,"column":17},"end":{"line":32,"column":29}},"4":{"start":{"line":33,"column":2},"end":{"line":1842,"column":2}},"5":{"start":{"line":25,"column":0},"end":{"line":25,"column":16}}},"fnMap":{"0":{"name":"createControlPlaneBootstrapScript","decl":{"start":{"line":25,"column":16},"end":{"line":25,"column":49}},"loc":{"start":{"line":30,"column":18},"end":{"line":1843,"column":1}}}},"branchMap":{},"s":{"0":40,"1":40,"2":40,"3":76,"4":76,"5":40},"f":{"0":76},"b":{}}
,"/Users/mateo/Projects/dedicated-ec2-k8s-autoscaler/lib/scripts/etcd-backup-lambda.ts": {"path":"/Users/mateo/Projects/dedicated-ec2-k8s-autoscaler/lib/scripts/etcd-backup-lambda.ts","statementMap":{"0":{"start":{"line":6,"column":0},"end":{"line":6,"column":53}},"1":{"start":{"line":11,"column":2},"end":{"line":332,"column":2}},"2":{"start":{"line":10,"column":0},"end":{"line":10,"column":16}}},"fnMap":{"0":{"name":"createEtcdBackupLambdaCode","decl":{"start":{"line":10,"column":16},"end":{"line":10,"column":42}},"loc":{"start":{"line":10,"column":84},"end":{"line":333,"column":1}}}},"branchMap":{},"s":{"0":40,"1":75,"2":40},"f":{"0":75},"b":{}}
,"/Users/mateo/Projects/dedicated-ec2-k8s-autoscaler/lib/scripts/etcd-lifecycle-lambda.ts": {"path":"/Users/mateo/Projects/dedicated-ec2-k8s-autoscaler/lib/scripts/etcd-lifecycle-lambda.ts","statementMap":{"0":{"start":{"line":6,"column":0},"end":{"line":6,"column":53}},"1":{"start":{"line":11,"column":2},"end":{"line":677,"column":2}},"2":{"start":{"line":10,"column":0},"end":{"line":10,"column":16}}},"fnMap":{"0":{"name":"createEtcdLifecycleLambdaCode","decl":{"start":{"line":10,"column":16},"end":{"line":10,"column":45}},"loc":{"start":{"line":10,"column":65},"end":{"line":678,"column":1}}}},"branchMap":{},"s":{"0":40,"1":75,"2":40},"f":{"0":75},"b":{}}
,"/Users/mateo/Projects/dedicated-ec2-k8s-autoscaler/lib/scripts/index.ts": {"path":"/Users/mateo/Projects/dedicated-ec2-k8s-autoscaler/lib/scripts/index.ts","statementMap":{"0":{"start":{"line":7,"column":0},"end":{"line":7,"column":9}},"1":{"start":{"line":7,"column":9},"end":{"line":7,"column":72}},"2":{"start":{"line":8,"column":0},"end":{"line":8,"column":9}},"3":{"start":{"line":8,"column":9},"end":{"line":8,"column":66}},"4":{"start":{"line":9,"column":0},"end":{"line":9,"column":9}},"5":{"start":{"line":9,"column":9},"end":{"line":9,"column":72}},"6":{"start":{"line":12,"column":0},"end":{"line":12,"column":9}},"7":{"start":{"line":12,"column":9},"end":{"line":12,"column":65}},"8":{"start":{"line":13,"column":0},"end":{"line":13,"column":9}},"9":{"start":{"line":13,"column":9},"end":{"line":13,"column":78}},"10":{"start":{"line":16,"column":0},"end":{"line":16,"column":9}},"11":{"start":{"line":16,"column":9},"end":{"line":16,"column":53}},"12":{"start":{"line":17,"column":0},"end":{"line":17,"column":9}},"13":{"start":{"line":17,"column":9},"end":{"line":17,"column":57}},"14":{"start":{"line":18,"column":0},"end":{"line":18,"column":9}},"15":{"start":{"line":18,"column":9},"end":{"line":18,"column":57}},"16":{"start":{"line":21,"column":0},"end":{"line":21,"column":9}},"17":{"start":{"line":21,"column":9},"end":{"line":21,"column":53}},"18":{"start":{"line":22,"column":0},"end":{"line":22,"column":9}},"19":{"start":{"line":22,"column":9},"end":{"line":22,"column":57}},"20":{"start":{"line":23,"column":0},"end":{"line":23,"column":9}},"21":{"start":{"line":23,"column":9},"end":{"line":23,"column":57}}},"fnMap":{"0":{"name":"(anonymous_0)","decl":{"start":{"line":7,"column":9},"end":{"line":7,"column":38}},"loc":{"start":{"line":7,"column":9},"end":{"line":7,"column":72}}},"1":{"name":"(anonymous_1)","decl":{"start":{"line":8,"column":9},"end":{"line":8,"column":35}},"loc":{"start":{"line":8,"column":9},"end":{"line":8,"column":66}}},"2":{"name":"(anonymous_2)","decl":{"start":{"line":9,"column":9},"end":{"line":9,"column":38}},"loc":{"start":{"line":9,"column":9},"end":{"line":9,"column":72}}},"3":{"name":"(anonymous_3)","decl":{"start":{"line":12,"column":9},"end":{"line":12,"column":36}},"loc":{"start":{"line":12,"column":9},"end":{"line":12,"column":65}}},"4":{"name":"(anonymous_4)","decl":{"start":{"line":13,"column":9},"end":{"line":13,"column":42}},"loc":{"start":{"line":13,"column":9},"end":{"line":13,"column":78}}},"5":{"name":"(anonymous_5)","decl":{"start":{"line":16,"column":9},"end":{"line":16,"column":30}},"loc":{"start":{"line":16,"column":9},"end":{"line":16,"column":53}}},"6":{"name":"(anonymous_6)","decl":{"start":{"line":17,"column":9},"end":{"line":17,"column":32}},"loc":{"start":{"line":17,"column":9},"end":{"line":17,"column":57}}},"7":{"name":"(anonymous_7)","decl":{"start":{"line":18,"column":9},"end":{"line":18,"column":32}},"loc":{"start":{"line":18,"column":9},"end":{"line":18,"column":57}}},"8":{"name":"(anonymous_8)","decl":{"start":{"line":21,"column":9},"end":{"line":21,"column":28}},"loc":{"start":{"line":21,"column":9},"end":{"line":21,"column":53}}},"9":{"name":"(anonymous_9)","decl":{"start":{"line":22,"column":9},"end":{"line":22,"column":30}},"loc":{"start":{"line":22,"column":9},"end":{"line":22,"column":57}}},"10":{"name":"(anonymous_10)","decl":{"start":{"line":23,"column":9},"end":{"line":23,"column":30}},"loc":{"start":{"line":23,"column":9},"end":{"line":23,"column":57}}}},"branchMap":{},"s":{"0":40,"1":115,"2":40,"3":115,"4":40,"5":115,"6":40,"7":116,"8":40,"9":116,"10":40,"11":42,"12":40,"13":41,"14":40,"15":44,"16":40,"17":41,"18":40,"19":41,"20":40,"21":42},"f":{"0":75,"1":75,"2":75,"3":76,"4":76,"5":2,"6":1,"7":4,"8":1,"9":1,"10":2},"b":{}}
,"/Users/mateo/Projects/dedicated-ec2-k8s-autoscaler/lib/scripts/python-logging.ts": {"path":"/Users/mateo/Projects/dedicated-ec2-k8s-autoscaler/lib/scripts/python-logging.ts","statementMap":{"0":{"start":{"line":35,"column":2},"end":{"line":135,"column":2}},"1":{"start":{"line":34,"column":0},"end":{"line":34,"column":16}}},"fnMap":{"0":{"name":"getPythonLoggingSetup","decl":{"start":{"line":34,"column":16},"end":{"line":34,"column":37}},"loc":{"start":{"line":34,"column":37},"end":{"line":136,"column":1}}}},"branchMap":{},"s":{"0":1,"1":40},"f":{"0":1},"b":{}}
,"/Users/mateo/Projects/dedicated-ec2-k8s-autoscaler/lib/scripts/python-metrics.ts": {"path":"/Users/mateo/Projects/dedicated-ec2-k8s-autoscaler/lib/scripts/python-metrics.ts","statementMap":{"0":{"start":{"line":42,"column":2},"end":{"line":199,"column":2}},"1":{"start":{"line":41,"column":0},"end":{"line":41,"column":16}}},"fnMap":{"0":{"name":"getPythonMetricsSetup","decl":{"start":{"line":41,"column":16},"end":{"line":41,"column":37}},"loc":{"start":{"line":41,"column":37},"end":{"line":200,"column":1}}}},"branchMap":{},"s":{"0":2,"1":40},"f":{"0":2},"b":{}}
,"/Users/mateo/Projects/dedicated-ec2-k8s-autoscaler/lib/scripts/python-retry.ts": {"path":"/Users/mateo/Projects/dedicated-ec2-k8s-autoscaler/lib/scripts/python-retry.ts","statementMap":{"0":{"start":{"line":37,"column":2},"end":{"line":207,"column":2}},"1":{"start":{"line":36,"column":0},"end":{"line":36,"column":16}}},"fnMap":{"0":{"name":"getPythonRetryUtils","decl":{"start":{"line":36,"column":16},"end":{"line":36,"column":35}},"loc":{"start":{"line":36,"column":35},"end":{"line":208,"column":1}}}},"branchMap":{},"s":{"0":151,"1":40},"f":{"0":151},"b":{}}
,"/Users/mateo/Projects/dedicated-ec2-k8s-autoscaler/lib/scripts/worker-bootstrap.ts": {"path":"/Users/mateo/Projects/dedicated-ec2-k8s-autoscaler/lib/scripts/worker-bootstrap.ts","statementMap":{"0":{"start":{"line":2,"column":0},"end":{"line":2,"column":53}},"1":{"start":{"line":3,"column":0},"end":{"line":3,"column":57}},"2":{"start":{"line":4,"column":0},"end":{"line":4,"column":57}},"3":{"start":{"line":21,"column":17},"end":{"line":21,"column":29}},"4":{"start":{"line":22,"column":2},"end":{"line":428,"column":2}},"5":{"start":{"line":20,"column":0},"end":{"line":20,"column":16}}},"fnMap":{"0":{"name":"createWorkerBootstrapScript","decl":{"start":{"line":20,"column":16},"end":{"line":20,"column":43}},"loc":{"start":{"line":20,"column":81},"end":{"line":429,"column":1}}}},"branchMap":{},"s":{"0":40,"1":40,"2":40,"3":76,"4":76,"5":40},"f":{"0":76},"b":{}}
,"/Users/mateo/Projects/dedicated-ec2-k8s-autoscaler/test/test-helper.ts": {"path":"/Users/mateo/Projects/dedicated-ec2-k8s-autoscaler/test/test-helper.ts","statementMap":{"0":{"start":{"line":1,"column":0},"end":{"line":1,"column":35}},"1":{"start":{"line":2,"column":0},"end":{"line":2,"column":50}},"2":{"start":{"line":3,"column":0},"end":{"line":3,"column":59}},"3":{"start":{"line":6,"column":14},"end":{"line":6,"column":27}},"4":{"start":{"line":7,"column":16},"end":{"line":10,"column":4}},"5":{"start":{"line":11,"column":2},"end":{"line":11,"column":56}},"6":{"start":{"line":5,"column":0},"end":{"line":5,"column":16}}},"fnMap":{"0":{"name":"createTestStack","decl":{"start":{"line":5,"column":16},"end":{"line":5,"column":31}},"loc":{"start":{"line":5,"column":31},"end":{"line":12,"column":1}}}},"branchMap":{},"s":{"0":10,"1":10,"2":10,"3":38,"4":38,"5":38,"6":10},"f":{"0":38},"b":{}}
}
