TN:
SF:lib/compute-stack.ts
FN:53,(anonymous_0)
FNF:1
FNH:1
FNDA:74,(anonymous_0)
DA:1,30
DA:2,30
DA:3,30
DA:5,30
DA:7,30
DA:8,30
DA:10,30
DA:11,30
DA:12,30
DA:13,30
DA:44,30
DA:54,74
DA:57,74
DA:63,74
DA:65,74
DA:89,74
DA:94,74
DA:95,74
DA:96,74
DA:97,74
DA:100,74
DA:103,74
DA:114,74
DA:122,74
DA:142,74
DA:143,74
DA:145,74
DA:154,74
DA:163,74
DA:174,74
DA:183,74
DA:196,74
DA:204,74
DA:220,74
DA:228,74
DA:236,74
DA:248,74
DA:251,74
DA:254,74
DA:265,74
DA:272,74
DA:280,74
DA:297,74
DA:305,74
DA:315,74
DA:326,74
DA:329,74
DA:332,74
DA:343,74
DA:350,74
DA:352,74
DA:376,74
DA:381,74
DA:393,74
DA:396,74
LF:55
LH:55
BRF:0
BRH:0
end_of_record
TN:
SF:lib/database-stack.ts
FN:20,(anonymous_0)
FNF:1
FNH:1
FNDA:74,(anonymous_0)
DA:1,30
DA:2,30
DA:3,30
DA:5,30
DA:12,30
DA:21,74
DA:24,74
DA:39,74
DA:57,74
DA:66,74
DA:76,74
DA:93,74
DA:111,74
DA:134,74
DA:141,74
LF:15
LH:15
BRF:0
BRH:0
end_of_record
TN:
SF:lib/iam-stack.ts
FN:18,(anonymous_0)
FN:217,(anonymous_1)
FN:240,(anonymous_2)
FN:267,(anonymous_3)
FN:296,(anonymous_4)
FNF:5
FNH:5
FNDA:76,(anonymous_0)
FNDA:152,(anonymous_1)
FNDA:152,(anonymous_2)
FNDA:152,(anonymous_3)
FNDA:152,(anonymous_4)
DA:1,30
DA:2,30
DA:3,30
DA:4,30
DA:11,30
DA:19,76
DA:22,76
DA:30,76
DA:40,76
DA:50,76
DA:51,76
DA:54,76
DA:55,76
DA:57,76
DA:58,76
DA:61,76
DA:62,76
DA:65,76
DA:66,76
DA:69,76
DA:140,76
DA:141,76
DA:143,76
DA:151,76
DA:158,76
DA:159,76
DA:168,76
DA:182,76
DA:196,76
DA:207,76
DA:219,152
DA:232,152
DA:241,152
DA:254,152
DA:270,152
DA:286,152
DA:299,152
DA:312,152
DA:322,152
LF:39
LH:39
BRDA:22,0,0,76
BRDA:22,0,1,76
BRDA:219,1,0,76
BRDA:219,1,1,76
BRDA:270,2,0,76
BRDA:270,2,1,76
BRDA:299,3,0,76
BRDA:299,3,1,76
BRF:8
BRH:8
end_of_record
TN:
SF:lib/k8s-cluster-stack.ts
FN:24,(anonymous_0)
FNF:1
FNH:1
FNDA:76,(anonymous_0)
DA:1,30
DA:4,30
DA:5,30
DA:6,30
DA:7,30
DA:8,30
DA:9,30
DA:16,30
DA:25,76
DA:28,76
DA:34,76
DA:39,74
DA:44,74
DA:50,74
DA:53,74
DA:56,74
DA:80,74
LF:17
LH:17
BRF:0
BRH:0
end_of_record
TN:
SF:lib/monitoring-stack.ts
FN:26,(anonymous_0)
FN:36,(anonymous_1)
FN:222,(anonymous_2)
FNF:3
FNH:3
FNDA:74,(anonymous_0)
FNDA:74,(anonymous_1)
FNDA:74,(anonymous_2)
DA:1,30
DA:2,30
DA:7,30
DA:22,30
DA:27,74
DA:30,74
DA:33,74
DA:37,74
DA:42,74
DA:61,74
DA:81,74
DA:103,74
DA:124,74
DA:138,74
DA:152,74
DA:166,74
DA:182,74
DA:201,74
DA:219,74
DA:223,74
DA:228,74
DA:238,74
DA:311,74
DA:365,74
DA:399,74
DA:473,74
DA:526,74
DA:585,74
LF:28
LH:28
BRF:0
BRH:0
end_of_record
TN:
SF:lib/network-stack.ts
FN:19,(anonymous_0)
FN:88,(anonymous_1)
FNF:2
FNH:2
FNDA:74,(anonymous_0)
FNDA:222,(anonymous_1)
DA:1,30
DA:2,30
DA:3,30
DA:4,30
DA:10,30
DA:20,74
DA:23,74
DA:47,74
DA:53,74
DA:60,74
DA:65,74
DA:70,74
DA:75,74
DA:81,74
DA:87,74
DA:88,74
DA:89,222
DA:98,74
DA:104,74
DA:112,74
DA:120,74
DA:131,74
DA:142,74
DA:150,74
DA:158,74
DA:167,74
DA:172,74
DA:186,74
LF:28
LH:28
BRF:0
BRH:0
end_of_record
TN:
SF:lib/services-stack.ts
FN:19,(anonymous_0)
FNF:1
FNH:1
FNDA:76,(anonymous_0)
DA:2,30
DA:3,30
DA:10,30
DA:20,76
DA:23,76
DA:24,1
DA:27,75
DA:28,1
DA:34,74
DA:35,74
DA:38,74
DA:47,74
DA:53,74
DA:59,74
DA:65,74
LF:15
LH:15
BRDA:23,0,0,1
BRDA:23,1,0,76
BRDA:23,1,1,76
BRDA:27,2,0,1
BRF:4
BRH:4
end_of_record
TN:
SF:lib/scripts/bash-logging.ts
FN:33,getBashLoggingFunctions
FNF:1
FNH:1
FNDA:153,getBashLoggingFunctions
DA:33,40
DA:34,153
LF:2
LH:2
BRF:0
BRH:0
end_of_record
TN:
SF:lib/scripts/bash-metrics.ts
FN:31,getBashMetricsFunctions
FNF:1
FNH:1
FNDA:154,getBashMetricsFunctions
DA:31,40
DA:32,154
LF:2
LH:2
BRF:0
BRH:0
end_of_record
TN:
SF:lib/scripts/bash-retry.ts
FN:36,getBashRetryFunctions
FNF:1
FNH:1
FNDA:154,getBashRetryFunctions
DA:36,40
DA:37,154
LF:2
LH:2
BRF:0
BRH:0
end_of_record
TN:
SF:lib/scripts/cluster-health-lambda.ts
FN:9,createClusterHealthLambdaCode
FNF:1
FNH:1
FNDA:75,createClusterHealthLambdaCode
DA:9,40
DA:10,75
LF:2
LH:2
BRF:0
BRH:0
end_of_record
TN:
SF:lib/scripts/control-plane-bootstrap.ts
FN:25,createControlPlaneBootstrapScript
FNF:1
FNH:1
FNDA:76,createControlPlaneBootstrapScript
DA:2,40
DA:3,40
DA:4,40
DA:25,40
DA:32,76
DA:33,76
LF:6
LH:6
BRF:0
BRH:0
end_of_record
TN:
SF:lib/scripts/etcd-backup-lambda.ts
FN:10,createEtcdBackupLambdaCode
FNF:1
FNH:1
FNDA:75,createEtcdBackupLambdaCode
DA:6,40
DA:10,40
DA:11,75
LF:3
LH:3
BRF:0
BRH:0
end_of_record
TN:
SF:lib/scripts/etcd-lifecycle-lambda.ts
FN:10,createEtcdLifecycleLambdaCode
FNF:1
FNH:1
FNDA:75,createEtcdLifecycleLambdaCode
DA:6,40
DA:10,40
DA:11,75
LF:3
LH:3
BRF:0
BRH:0
end_of_record
TN:
SF:lib/scripts/index.ts
FN:7,(anonymous_0)
FN:8,(anonymous_1)
FN:9,(anonymous_2)
FN:12,(anonymous_3)
FN:13,(anonymous_4)
FN:16,(anonymous_5)
FN:17,(anonymous_6)
FN:18,(anonymous_7)
FN:21,(anonymous_8)
FN:22,(anonymous_9)
FN:23,(anonymous_10)
FNF:11
FNH:11
FNDA:75,(anonymous_0)
FNDA:75,(anonymous_1)
FNDA:75,(anonymous_2)
FNDA:76,(anonymous_3)
FNDA:76,(anonymous_4)
FNDA:2,(anonymous_5)
FNDA:1,(anonymous_6)
FNDA:4,(anonymous_7)
FNDA:1,(anonymous_8)
FNDA:1,(anonymous_9)
FNDA:2,(anonymous_10)
DA:7,115
DA:8,115
DA:9,115
DA:12,116
DA:13,116
DA:16,42
DA:17,41
DA:18,44
DA:21,41
DA:22,41
DA:23,42
LF:11
LH:11
BRF:0
BRH:0
end_of_record
TN:
SF:lib/scripts/python-logging.ts
FN:34,getPythonLoggingSetup
FNF:1
FNH:1
FNDA:1,getPythonLoggingSetup
DA:34,40
DA:35,1
LF:2
LH:2
BRF:0
BRH:0
end_of_record
TN:
SF:lib/scripts/python-metrics.ts
FN:41,getPythonMetricsSetup
FNF:1
FNH:1
FNDA:2,getPythonMetricsSetup
DA:41,40
DA:42,2
LF:2
LH:2
BRF:0
BRH:0
end_of_record
TN:
SF:lib/scripts/python-retry.ts
FN:36,getPythonRetryUtils
FNF:1
FNH:1
FNDA:151,getPythonRetryUtils
DA:36,40
DA:37,151
LF:2
LH:2
BRF:0
BRH:0
end_of_record
TN:
SF:lib/scripts/worker-bootstrap.ts
FN:20,createWorkerBootstrapScript
FNF:1
FNH:1
FNDA:76,createWorkerBootstrapScript
DA:2,40
DA:3,40
DA:4,40
DA:20,40
DA:21,76
DA:22,76
LF:6
LH:6
BRF:0
BRH:0
end_of_record
TN:
SF:test/test-helper.ts
FN:5,createTestStack
FNF:1
FNH:1
FNDA:38,createTestStack
DA:1,10
DA:2,10
DA:3,10
DA:5,10
DA:6,38
DA:7,38
DA:11,38
LF:7
LH:7
BRF:0
BRH:0
end_of_record
